#
# There is insufficient memory for the Java Runtime Environment to continue.
# Native memory allocation (malloc) failed to allocate 915776 bytes for Chunk::new
# Possible reasons:
#   The system is out of physical RAM or swap space
#   The process is running with CompressedOops enabled, and the Java Heap may be blocking the growth of the native heap
# Possible solutions:
#   Reduce memory load on the system
#   Increase physical memory or swap space
#   Check if swap backing store is full
#   Decrease Java heap size (-Xmx/-Xms)
#   Decrease number of Java threads
#   Decrease Java thread stack sizes (-Xss)
#   Set larger code cache with -XX:ReservedCodeCacheSize=
#   JVM is running with Unscaled Compressed Oops mode in which the Java heap is
#     placed in the first 4GB address space. The Java Heap base address is the
#     maximum limit for the native heap growth. Please use -XX:HeapBaseMinAddress
#     to set the Java Heap base and to place the Java Heap above 4GB virtual address.
# This output file may be truncated or incomplete.
#
#  Out of Memory Error (allocation.cpp:389), pid=3760, tid=0x0000000000003078
#
# JRE version: OpenJDK Runtime Environment (8.0) (build 1.8.0-25-microsoft-b00)
# Java VM: OpenJDK 64-Bit Server VM (25.71-b00 mixed mode windows-amd64 compressed oops)
# Failed to write core dump. Minidumps are not enabled by default on client versions of Windows
#

---------------  T H R E A D  ---------------

Current thread (0x00000000176da800):  JavaThread "C2 CompilerThread2" daemon [_thread_in_native, id=12408, stack(0x00000000181a0000,0x00000000182a0000)]

Stack: [0x00000000181a0000,0x00000000182a0000]
[error occurred during error reporting (printing stack bounds), id 0xc0000005]

Native frames: (J=compiled Java code, j=interpreted, Vv=VM code, C=native code)


Current CompileTask:
C2:   9797 4656       4       com.android.tools.r8.ir.optimize.Z::a (1301 bytes)


---------------  P R O C E S S  ---------------

Java Threads: ( => current thread )
  0x00000000188c4800 JavaThread "ForkJoinPool-1-worker-0" daemon [_thread_in_Java, id=8296, stack(0x00000000190a0000,0x00000000191a0000)]
  0x0000000018c32800 JavaThread "ForkJoinPool-1-worker-3" daemon [_thread_in_Java, id=8748, stack(0x0000000018fa0000,0x00000000190a0000)]
  0x0000000018c31800 JavaThread "ForkJoinPool-1-worker-2" daemon [_thread_in_Java, id=4880, stack(0x0000000018ea0000,0x0000000018fa0000)]
  0x0000000018ba6000 JavaThread "ForkJoinPool-1-worker-1" daemon [_thread_in_Java, id=2316, stack(0x0000000018da0000,0x0000000018ea0000)]
  0x0000000017746000 JavaThread "Service Thread" daemon [_thread_blocked, id=20060, stack(0x00000000183a0000,0x00000000184a0000)]
  0x00000000176de800 JavaThread "C1 CompilerThread3" daemon [_thread_in_vm, id=4812, stack(0x00000000182a0000,0x00000000183a0000)]
=>0x00000000176da800 JavaThread "C2 CompilerThread2" daemon [_thread_in_native, id=12408, stack(0x00000000181a0000,0x00000000182a0000)]
  0x00000000176cb800 JavaThread "C2 CompilerThread1" daemon [_thread_in_native, id=6672, stack(0x00000000180a0000,0x00000000181a0000)]
  0x00000000176c5800 JavaThread "C2 CompilerThread0" daemon [_thread_in_native, id=10772, stack(0x0000000017fa0000,0x00000000180a0000)]
  0x00000000176d6000 JavaThread "Attach Listener" daemon [_thread_blocked, id=10864, stack(0x0000000017ea0000,0x0000000017fa0000)]
  0x00000000176d5000 JavaThread "Signal Dispatcher" daemon [_thread_blocked, id=8144, stack(0x0000000017da0000,0x0000000017ea0000)]
  0x00000000176c0800 JavaThread "Finalizer" daemon [_thread_blocked, id=11360, stack(0x0000000017ba0000,0x0000000017ca0000)]
  0x00000000158ac000 JavaThread "Reference Handler" daemon [_thread_blocked, id=1248, stack(0x0000000017aa0000,0x0000000017ba0000)]
  0x0000000002c8e800 JavaThread "main" [_thread_blocked, id=1632, stack(0x0000000002b40000,0x0000000002c40000)]

Other Threads:
  0x00000000158a8000 VMThread [stack: 0x00000000175a0000,0x00000000176a0000] [id=19132]
  0x000000001776c800 WatcherThread [stack: 0x00000000184a0000,0x00000000185a0000] [id=14048]

VM state:not at safepoint (normal execution)

VM Mutex/Monitor currently owned by a thread:  ([mutex/lock_event])
[0x0000000002c8dd40] CodeCache_lock - owner thread: 0x00000000176de800
[0x0000000002c910e0] Compile_lock - owner thread: 0x00000000176de800

heap address: 0x00000000c0000000, size: 1024 MB, Compressed Oops mode: 32-bit
Narrow klass base: 0x0000000000000000, Narrow klass shift: 3
Compressed class space size: 1073741824 Address: 0x0000000100000000

Heap:
 PSYoungGen      total 233472K, used 38533K [0x00000000eab00000, 0x00000000ff400000, 0x0000000100000000)
  eden space 209920K, 16% used [0x00000000eab00000,0x00000000ecdb9718,0x00000000f7800000)
  from space 23552K, 12% used [0x00000000f7800000,0x00000000f7ae8000,0x00000000f8f00000)
  to   space 23040K, 0% used [0x00000000fdd80000,0x00000000fdd80000,0x00000000ff400000)
 ParOldGen       total 69632K, used 53837K [0x00000000c0000000, 0x00000000c4400000, 0x00000000eab00000)
  object space 69632K, 77% used [0x00000000c0000000,0x00000000c3493798,0x00000000c4400000)
 Metaspace       used 15882K, capacity 16880K, committed 17024K, reserved 1064960K
  class space    used 1910K, capacity 2176K, committed 2176K, reserved 1048576K

Card table byte_map: [0x0000000012150000,0x0000000012360000] byte_map_base: 0x0000000011b50000

Marking Bits: (ParMarkBitMap*) 0x000000006b648f30
 Begin Bits: [0x0000000012cc0000, 0x0000000013cc0000)
 End Bits:   [0x0000000013cc0000, 0x0000000014cc0000)

Polling page: 0x00000000009f0000

CodeCache: size=245760Kb used=16640Kb max_used=16640Kb free=229119Kb
 bounds [0x0000000002d90000, 0x0000000003de0000, 0x0000000011d90000]
 total_blobs=4484 nmethods=4132 adapters=263
 compilation: enabled

Compilation events (10 events):
Event: 9.578 Thread 0x00000000176de800 4714       2       com.android.tools.r8.u.b.d0::J0 (13 bytes)
Event: 9.578 Thread 0x00000000176de800 nmethod 4714 0x0000000003d97e10 code [0x0000000003d97f60, 0x0000000003d980d0]
Event: 9.669 Thread 0x00000000176de800 4716       3       com.android.tools.r8.u.c.J::a (528 bytes)
Event: 9.691 Thread 0x00000000176de800 nmethod 4716 0x0000000003dad690 code [0x0000000003dadf00, 0x0000000003db34e8]
Event: 9.691 Thread 0x00000000176de800 4717       3       com.android.tools.r8.ir.optimize.h::p (1834 bytes)
Event: 9.753 Thread 0x00000000176de800 nmethod 4717 0x0000000003db7a50 code [0x0000000003db94c0, 0x0000000003dcd228]
Event: 9.753 Thread 0x00000000176de800 4719       2       com.android.tools.r8.u.b.o::add (16 bytes)
Event: 9.753 Thread 0x00000000176de800 nmethod 4719 0x0000000003d97a50 code [0x0000000003d97bc0, 0x0000000003d97d68]
Event: 9.753 Thread 0x00000000176de800 4720       2       com.android.tools.r8.v.a.a.a.f.A0::a (38 bytes)
Event: 9.754 Thread 0x00000000176de800 nmethod 4720 0x0000000003dabf10 code [0x0000000003dac080, 0x0000000003dac368]

GC Heap History (10 events):
Event: 4.190 GC heap before
{Heap before GC invocations=10 (full 1):
 PSYoungGen      total 119296K, used 119200K [0x00000000eab00000, 0x00000000f4b00000, 0x0000000100000000)
  eden space 109056K, 100% used [0x00000000eab00000,0x00000000f1580000,0x00000000f1580000)
  from space 10240K, 99% used [0x00000000f4100000,0x00000000f4ae8260,0x00000000f4b00000)
  to   space 22016K, 0% used [0x00000000f2000000,0x00000000f2000000,0x00000000f3580000)
 ParOldGen       total 69632K, used 33650K [0x00000000c0000000, 0x00000000c4400000, 0x00000000eab00000)
  object space 69632K, 48% used [0x00000000c0000000,0x00000000c20dc8d0,0x00000000c4400000)
 Metaspace       used 15000K, capacity 15908K, committed 16256K, reserved 1062912K
  class space    used 1865K, capacity 2070K, committed 2176K, reserved 1048576K
Event: 4.295 GC heap after
Heap after GC invocations=10 (full 1):
 PSYoungGen      total 141824K, used 16860K [0x00000000eab00000, 0x00000000f6e00000, 0x0000000100000000)
  eden space 119808K, 0% used [0x00000000eab00000,0x00000000eab00000,0x00000000f2000000)
  from space 22016K, 76% used [0x00000000f2000000,0x00000000f3077298,0x00000000f3580000)
  to   space 23552K, 0% used [0x00000000f5700000,0x00000000f5700000,0x00000000f6e00000)
 ParOldGen       total 69632K, used 33658K [0x00000000c0000000, 0x00000000c4400000, 0x00000000eab00000)
  object space 69632K, 48% used [0x00000000c0000000,0x00000000c20de8d0,0x00000000c4400000)
 Metaspace       used 15000K, capacity 15908K, committed 16256K, reserved 1062912K
  class space    used 1865K, capacity 2070K, committed 2176K, reserved 1048576K
}
Event: 5.760 GC heap before
{Heap before GC invocations=11 (full 1):
 PSYoungGen      total 141824K, used 136668K [0x00000000eab00000, 0x00000000f6e00000, 0x0000000100000000)
  eden space 119808K, 100% used [0x00000000eab00000,0x00000000f2000000,0x00000000f2000000)
  from space 22016K, 76% used [0x00000000f2000000,0x00000000f3077298,0x00000000f3580000)
  to   space 23552K, 0% used [0x00000000f5700000,0x00000000f5700000,0x00000000f6e00000)
 ParOldGen       total 69632K, used 33658K [0x00000000c0000000, 0x00000000c4400000, 0x00000000eab00000)
  object space 69632K, 48% used [0x00000000c0000000,0x00000000c20de8d0,0x00000000c4400000)
 Metaspace       used 15564K, capacity 16540K, committed 16768K, reserved 1064960K
  class space    used 1890K, capacity 2140K, committed 2176K, reserved 1048576K
Event: 5.894 GC heap after
Heap after GC invocations=11 (full 1):
 PSYoungGen      total 176640K, used 6713K [0x00000000eab00000, 0x00000000f7c80000, 0x0000000100000000)
  eden space 153088K, 0% used [0x00000000eab00000,0x00000000eab00000,0x00000000f4080000)
  from space 23552K, 28% used [0x00000000f5700000,0x00000000f5d8e650,0x00000000f6e00000)
  to   space 23040K, 0% used [0x00000000f4080000,0x00000000f4080000,0x00000000f5700000)
 ParOldGen       total 69632K, used 43714K [0x00000000c0000000, 0x00000000c4400000, 0x00000000eab00000)
  object space 69632K, 62% used [0x00000000c0000000,0x00000000c2ab0a68,0x00000000c4400000)
 Metaspace       used 15564K, capacity 16540K, committed 16768K, reserved 1064960K
  class space    used 1890K, capacity 2140K, committed 2176K, reserved 1048576K
}
Event: 7.692 GC heap before
{Heap before GC invocations=12 (full 1):
 PSYoungGen      total 176640K, used 159801K [0x00000000eab00000, 0x00000000f7c80000, 0x0000000100000000)
  eden space 153088K, 100% used [0x00000000eab00000,0x00000000f4080000,0x00000000f4080000)
  from space 23552K, 28% used [0x00000000f5700000,0x00000000f5d8e650,0x00000000f6e00000)
  to   space 23040K, 0% used [0x00000000f4080000,0x00000000f4080000,0x00000000f5700000)
 ParOldGen       total 69632K, used 43714K [0x00000000c0000000, 0x00000000c4400000, 0x00000000eab00000)
  object space 69632K, 62% used [0x00000000c0000000,0x00000000c2ab0a68,0x00000000c4400000)
 Metaspace       used 15703K, capacity 16696K, committed 16768K, reserved 1064960K
  class space    used 1895K, capacity 2144K, committed 2176K, reserved 1048576K
Event: 7.763 GC heap after
Heap after GC invocations=12 (full 1):
 PSYoungGen      total 176128K, used 3081K [0x00000000eab00000, 0x00000000fa780000, 0x0000000100000000)
  eden space 153088K, 0% used [0x00000000eab00000,0x00000000eab00000,0x00000000f4080000)
  from space 23040K, 13% used [0x00000000f4080000,0x00000000f4382438,0x00000000f5700000)
  to   space 23040K, 0% used [0x00000000f9100000,0x00000000f9100000,0x00000000fa780000)
 ParOldGen       total 69632K, used 49981K [0x00000000c0000000, 0x00000000c4400000, 0x00000000eab00000)
  object space 69632K, 71% used [0x00000000c0000000,0x00000000c30cf788,0x00000000c4400000)
 Metaspace       used 15703K, capacity 16696K, committed 16768K, reserved 1064960K
  class space    used 1895K, capacity 2144K, committed 2176K, reserved 1048576K
}
Event: 8.311 GC heap before
{Heap before GC invocations=13 (full 1):
 PSYoungGen      total 176128K, used 156169K [0x00000000eab00000, 0x00000000fa780000, 0x0000000100000000)
  eden space 153088K, 100% used [0x00000000eab00000,0x00000000f4080000,0x00000000f4080000)
  from space 23040K, 13% used [0x00000000f4080000,0x00000000f4382438,0x00000000f5700000)
  to   space 23040K, 0% used [0x00000000f9100000,0x00000000f9100000,0x00000000fa780000)
 ParOldGen       total 69632K, used 49981K [0x00000000c0000000, 0x00000000c4400000, 0x00000000eab00000)
  object space 69632K, 71% used [0x00000000c0000000,0x00000000c30cf788,0x00000000c4400000)
 Metaspace       used 15816K, capacity 16808K, committed 17024K, reserved 1064960K
  class space    used 1910K, capacity 2176K, committed 2176K, reserved 1048576K
Event: 8.335 GC heap after
Heap after GC invocations=13 (full 1):
 PSYoungGen      total 231424K, used 1760K [0x00000000eab00000, 0x00000000fa600000, 0x0000000100000000)
  eden space 209920K, 0% used [0x00000000eab00000,0x00000000eab00000,0x00000000f7800000)
  from space 21504K, 8% used [0x00000000f9100000,0x00000000f92b8000,0x00000000fa600000)
  to   space 23552K, 0% used [0x00000000f7800000,0x00000000f7800000,0x00000000f8f00000)
 ParOldGen       total 69632K, used 52405K [0x00000000c0000000, 0x00000000c4400000, 0x00000000eab00000)
  object space 69632K, 75% used [0x00000000c0000000,0x00000000c332d798,0x00000000c4400000)
 Metaspace       used 15816K, capacity 16808K, committed 17024K, reserved 1064960K
  class space    used 1910K, capacity 2176K, committed 2176K, reserved 1048576K
}
Event: 9.450 GC heap before
{Heap before GC invocations=14 (full 1):
 PSYoungGen      total 231424K, used 211680K [0x00000000eab00000, 0x00000000fa600000, 0x0000000100000000)
  eden space 209920K, 100% used [0x00000000eab00000,0x00000000f7800000,0x00000000f7800000)
  from space 21504K, 8% used [0x00000000f9100000,0x00000000f92b8000,0x00000000fa600000)
  to   space 23552K, 0% used [0x00000000f7800000,0x00000000f7800000,0x00000000f8f00000)
 ParOldGen       total 69632K, used 52405K [0x00000000c0000000, 0x00000000c4400000, 0x00000000eab00000)
  object space 69632K, 75% used [0x00000000c0000000,0x00000000c332d798,0x00000000c4400000)
 Metaspace       used 15877K, capacity 16880K, committed 17024K, reserved 1064960K
  class space    used 1910K, capacity 2176K, committed 2176K, reserved 1048576K
Event: 9.553 GC heap after
Heap after GC invocations=14 (full 1):
 PSYoungGen      total 233472K, used 2976K [0x00000000eab00000, 0x00000000ff400000, 0x0000000100000000)
  eden space 209920K, 0% used [0x00000000eab00000,0x00000000eab00000,0x00000000f7800000)
  from space 23552K, 12% used [0x00000000f7800000,0x00000000f7ae8000,0x00000000f8f00000)
  to   space 23040K, 0% used [0x00000000fdd80000,0x00000000fdd80000,0x00000000ff400000)
 ParOldGen       total 69632K, used 53837K [0x00000000c0000000, 0x00000000c4400000, 0x00000000eab00000)
  object space 69632K, 77% used [0x00000000c0000000,0x00000000c3493798,0x00000000c4400000)
 Metaspace       used 15877K, capacity 16880K, committed 17024K, reserved 1064960K
  class space    used 1910K, capacity 2176K, committed 2176K, reserved 1048576K
}

Deoptimization events (10 events):
Event: 6.268 Thread 0x0000000018c31800 Uncommon trap: reason=unstable_if action=reinterpret pc=0x0000000003648410 method=com.android.tools.r8.graph.s0$b.a(ILjava/lang/String;Ljava/lang/String;Ljava/lang/String;Ljava/lang/Object;)Lcom/android/tools/r8/B/a/a/n; @ 17
Event: 6.268 Thread 0x0000000018c31800 Uncommon trap: reason=unstable_if action=reinterpret pc=0x0000000003802c18 method=com.android.tools.r8.graph.s0$b.a(ILjava/lang/String;Ljava/lang/String;Ljava/lang/String;[Ljava/lang/String;)Lcom/android/tools/r8/B/a/a/u; @ 40
Event: 7.137 Thread 0x00000000188c4800 Uncommon trap: reason=unstable_if action=reinterpret pc=0x00000000034a7090 method=java.util.concurrent.ConcurrentHashMap.computeIfAbsent(Ljava/lang/Object;Ljava/util/function/Function;)Ljava/lang/Object; @ 281
Event: 8.003 Thread 0x0000000018c32800 Uncommon trap: reason=unstable_if action=reinterpret pc=0x0000000002f09ca8 method=java.util.HashMap.resize()[Ljava/util/HashMap$Node; @ 206
Event: 8.158 Thread 0x0000000018ba6000 Uncommon trap: reason=unstable_if action=reinterpret pc=0x0000000003ba4a5c method=com.android.tools.r8.u.b.W.a(Lcom/android/tools/r8/u/b/d0;)V @ 8
Event: 8.161 Thread 0x0000000018ba6000 Uncommon trap: reason=predicate action=maybe_recompile pc=0x000000000324901c method=com.android.tools.r8.ir.optimize.h.c(Lcom/android/tools/r8/u/b/d0;)Z @ 224
Event: 8.202 Thread 0x00000000188c4800 Uncommon trap: reason=unstable_if action=reinterpret pc=0x0000000002fd5854 method=com.android.tools.r8.ir.regalloc.g.a(ILcom/android/tools/r8/ir/regalloc/g$a;)Z @ 73
Event: 8.234 Thread 0x0000000018ba6000 Uncommon trap: reason=unstable_if action=reinterpret pc=0x00000000037d0dd4 method=com.android.tools.r8.graph.d0.a([C)I @ 44
Event: 8.256 Thread 0x0000000018c32800 Uncommon trap: reason=unstable_if action=reinterpret pc=0x00000000031e58d4 method=com.android.tools.r8.u.b.W.a(Lcom/android/tools/r8/u/b/d0;)V @ 8
Event: 9.008 Thread 0x0000000018c32800 Uncommon trap: reason=unstable_if action=reinterpret pc=0x000000000323ec54 method=com.android.tools.r8.u.b.W.a(Lcom/android/tools/r8/u/b/d0;)V @ 8

Classes redefined (0 events):
No events

Internal exceptions (10 events):
Event: 1.321 Thread 0x0000000002c8e800 Implicit null exception at 0x0000000002ff6738 to 0x0000000002ff6bfd
Event: 3.224 Thread 0x00000000188c4800 Exception <a 'java/lang/NoSuchMethodError': java.lang.Object.lambda$comparingInt$7b0bb60$1(Ljava/util/function/ToIntFunction;Ljava/lang/Object;Ljava/lang/Object;)I> (0x00000000ec039620) thrown at [D:\j\worksp~1\openjd~3\jdk8u\hotspot\src\share\vm\interpre
Event: 3.224 Thread 0x0000000018c32800 Exception <a 'java/lang/NoSuchMethodError': java.lang.Object.lambda$comparingInt$7b0bb60$1(Ljava/util/function/ToIntFunction;Ljava/lang/Object;Ljava/lang/Object;)I> (0x00000000ec120a88) thrown at [D:\j\worksp~1\openjd~3\jdk8u\hotspot\src\share\vm\interpre
Event: 3.224 Thread 0x0000000018ba6000 Exception <a 'java/lang/NoSuchMethodError': java.lang.Object.lambda$comparingInt$7b0bb60$1(Ljava/util/function/ToIntFunction;Ljava/lang/Object;Ljava/lang/Object;)I> (0x00000000ebf9f790) thrown at [D:\j\worksp~1\openjd~3\jdk8u\hotspot\src\share\vm\interpre
Event: 3.224 Thread 0x0000000018c31800 Exception <a 'java/lang/NoSuchMethodError': java.lang.Object.lambda$comparingInt$7b0bb60$1(Ljava/util/function/ToIntFunction;Ljava/lang/Object;Ljava/lang/Object;)I> (0x00000000ec094840) thrown at [D:\j\worksp~1\openjd~3\jdk8u\hotspot\src\share\vm\interpre
Event: 3.229 Thread 0x0000000018ba6000 Exception <a 'java/lang/NoSuchMethodError': java.lang.Object.lambda$maxBy$1(Ljava/util/Comparator;Ljava/lang/Object;Ljava/lang/Object;)Ljava/lang/Object;> (0x00000000ebfaafa8) thrown at [D:\j\worksp~1\openjd~3\jdk8u\hotspot\src\share\vm\interpreter\linkRe
Event: 3.229 Thread 0x0000000018c31800 Exception <a 'java/lang/NoSuchMethodError': java.lang.Object.lambda$maxBy$1(Ljava/util/Comparator;Ljava/lang/Object;Ljava/lang/Object;)Ljava/lang/Object;> (0x00000000ec0a0028) thrown at [D:\j\worksp~1\openjd~3\jdk8u\hotspot\src\share\vm\interpreter\linkRe
Event: 3.229 Thread 0x00000000188c4800 Exception <a 'java/lang/NoSuchMethodError': java.lang.Object.lambda$maxBy$1(Ljava/util/Comparator;Ljava/lang/Object;Ljava/lang/Object;)Ljava/lang/Object;> (0x00000000ec044bf8) thrown at [D:\j\worksp~1\openjd~3\jdk8u\hotspot\src\share\vm\interpreter\linkRe
Event: 3.229 Thread 0x0000000018c32800 Exception <a 'java/lang/NoSuchMethodError': java.lang.Object.lambda$maxBy$1(Ljava/util/Comparator;Ljava/lang/Object;Ljava/lang/Object;)Ljava/lang/Object;> (0x00000000ec12c7c0) thrown at [D:\j\worksp~1\openjd~3\jdk8u\hotspot\src\share\vm\interpreter\linkRe
Event: 3.297 Thread 0x0000000018ba6000 Implicit null exception at 0x00000000031e14af to 0x00000000031e16f5

Events (10 events):
Event: 9.446 Executing VM operation: ParallelGCFailedAllocation
Event: 9.553 Executing VM operation: ParallelGCFailedAllocation done
Event: 9.578 Thread 0x0000000018c31800 DEOPT PACKING pc=0x00000000037a5cea sp=0x0000000018f9e190
Event: 9.578 Thread 0x0000000018c31800 DEOPT UNPACKING pc=0x0000000002dd75d0 sp=0x0000000018f9e2d8 mode 0
Event: 9.603 Thread 0x00000000188c4800 DEOPT PACKING pc=0x0000000003607455 sp=0x000000001919e6b0
Event: 9.603 Thread 0x00000000188c4800 DEOPT UNPACKING pc=0x0000000002dd75d0 sp=0x000000001919e508 mode 0
Event: 9.713 Thread 0x0000000018c31800 DEOPT PACKING pc=0x0000000003607455 sp=0x0000000018f9e480
Event: 9.713 Thread 0x0000000018c31800 DEOPT UNPACKING pc=0x0000000002dd75d0 sp=0x0000000018f9e2d8 mode 0
Event: 9.781 Thread 0x00000000188c4800 DEOPT PACKING pc=0x0000000003607430 sp=0x000000001919e6b0
Event: 9.782 Thread 0x00000000188c4800 DEOPT UNPACKING pc=0x0000000002dd75d0 sp=0x000000001919e508 mode 0


Dynamic libraries:
0x00007ff73e520000 - 0x00007ff73e555000 	C:\Program Files\Android\Jdk\microsoft_dist_openjdk_1.8.0.25\bin\java.exe
0x00007ff9cbea0000 - 0x00007ff9cc090000 	C:\Windows\SYSTEM32\ntdll.dll
0x00007ff9ca450000 - 0x00007ff9ca502000 	C:\Windows\System32\KERNEL32.DLL
0x00007ff9c9660000 - 0x00007ff9c9904000 	C:\Windows\System32\KERNELBASE.dll
0x00007ff9cbc00000 - 0x00007ff9cbca3000 	C:\Windows\System32\ADVAPI32.dll
0x00007ff9cbb20000 - 0x00007ff9cbbbe000 	C:\Windows\System32\msvcrt.dll
0x00007ff9c9fc0000 - 0x00007ff9ca057000 	C:\Windows\System32\sechost.dll
0x00007ff9ca220000 - 0x00007ff9ca340000 	C:\Windows\System32\RPCRT4.dll
0x00007ff9ca640000 - 0x00007ff9ca7d5000 	C:\Windows\System32\USER32.dll
0x00007ff9c9a90000 - 0x00007ff9c9ab1000 	C:\Windows\System32\win32u.dll
0x00007ff9cb4a0000 - 0x00007ff9cb4c6000 	C:\Windows\System32\GDI32.dll
0x00007ff9c9be0000 - 0x00007ff9c9d76000 	C:\Windows\System32\gdi32full.dll
0x00007ff9c9ac0000 - 0x00007ff9c9b5e000 	C:\Windows\System32\msvcp_win.dll
0x00007ff9c9990000 - 0x00007ff9c9a8a000 	C:\Windows\System32\ucrtbase.dll
0x00007ff9b5c20000 - 0x00007ff9b5ea4000 	C:\Windows\WinSxS\amd64_microsoft.windows.common-controls_6595b64144ccf1df_6.0.18362.1016_none_9e7a36bbe461dae4\COMCTL32.dll
0x00007ff9ca7e0000 - 0x00007ff9cab15000 	C:\Windows\System32\combase.dll
0x00007ff9c9910000 - 0x00007ff9c9990000 	C:\Windows\System32\bcryptPrimitives.dll
0x00007ff9cbbc0000 - 0x00007ff9cbbee000 	C:\Windows\System32\IMM32.DLL
0x000000006bd50000 - 0x000000006be21000 	C:\Program Files\Android\Jdk\microsoft_dist_openjdk_1.8.0.25\jre\bin\msvcr100.dll
0x000000006ae80000 - 0x000000006b6c5000 	C:\Program Files\Android\Jdk\microsoft_dist_openjdk_1.8.0.25\jre\bin\server\jvm.dll
0x00007ff9cb490000 - 0x00007ff9cb498000 	C:\Windows\System32\PSAPI.DLL
0x00007ff9b4650000 - 0x00007ff9b4659000 	C:\Windows\SYSTEM32\WSOCK32.dll
0x00007ff9c6480000 - 0x00007ff9c64a4000 	C:\Windows\SYSTEM32\WINMM.dll
0x00007ff9bf470000 - 0x00007ff9bf47a000 	C:\Windows\SYSTEM32\VERSION.dll
0x00007ff9cab20000 - 0x00007ff9cab8f000 	C:\Windows\System32\WS2_32.dll
0x00007ff9c6240000 - 0x00007ff9c626d000 	C:\Windows\SYSTEM32\WINMMBASE.dll
0x00007ff9c9d80000 - 0x00007ff9c9dca000 	C:\Windows\System32\cfgmgr32.dll
0x00007ff9c0540000 - 0x00007ff9c054f000 	C:\Program Files\Android\Jdk\microsoft_dist_openjdk_1.8.0.25\jre\bin\verify.dll
0x00007ff9bfbc0000 - 0x00007ff9bfbe9000 	C:\Program Files\Android\Jdk\microsoft_dist_openjdk_1.8.0.25\jre\bin\java.dll
0x00007ff9bfc60000 - 0x00007ff9bfc76000 	C:\Program Files\Android\Jdk\microsoft_dist_openjdk_1.8.0.25\jre\bin\zip.dll
0x00007ff9cab90000 - 0x00007ff9cb277000 	C:\Windows\System32\SHELL32.dll
0x00007ff9ca3a0000 - 0x00007ff9ca449000 	C:\Windows\System32\shcore.dll
0x00007ff9c8e20000 - 0x00007ff9c95a2000 	C:\Windows\System32\windows.storage.dll
0x00007ff9c8df0000 - 0x00007ff9c8e13000 	C:\Windows\System32\profapi.dll
0x00007ff9c8d80000 - 0x00007ff9c8dca000 	C:\Windows\System32\powrprof.dll
0x00007ff9c8d50000 - 0x00007ff9c8d60000 	C:\Windows\System32\UMPDC.dll
0x00007ff9ca510000 - 0x00007ff9ca562000 	C:\Windows\System32\shlwapi.dll
0x00007ff9c8d60000 - 0x00007ff9c8d71000 	C:\Windows\System32\kernel.appcore.dll
0x00007ff9c9b60000 - 0x00007ff9c9b77000 	C:\Windows\System32\cryptsp.dll
0x00007ff9b6be0000 - 0x00007ff9b6bfa000 	C:\Program Files\Android\jdk\microsoft_dist_openjdk_1.8.0.25\jre\bin\net.dll
0x00007ff9c8550000 - 0x00007ff9c85b7000 	C:\Windows\system32\mswsock.dll
0x00007ff9b4070000 - 0x00007ff9b4081000 	C:\Program Files\Android\jdk\microsoft_dist_openjdk_1.8.0.25\jre\bin\nio.dll

VM Arguments:
jvm_args: -Xmx1G 
java_command: com.android.tools.r8.D8 --debug --min-api 21 --output obj\Debug\90\android\bin\ --lib C:\Program Files (x86)\Android\android-sdk\platforms\android-28\android.jar obj\Debug\90\android\bin\classes.zip C:\Program Files (x86)\Microsoft Visual Studio\2019\Community\Common7\IDE\ReferenceAssemblies\Microsoft\Framework\MonoAndroid\v9.0\mono.android.jar C:\Program Files (x86)\Microsoft Visual Studio\2019\Community\MSBuild\Xamarin\Android\java_runtime_fastdev.jar obj\Debug\90\lp\0\jl\formsviewgroup.jar obj\Debug\90\lp\10\jl\bin\classes.jar obj\Debug\90\lp\11\jl\com.android.support.support-annotations.jar obj\Debug\90\lp\12\jl\bin\classes.jar obj\Debug\90\lp\13\jl\com.android.support.collections.jar obj\Debug\90\lp\14\jl\bin\classes.jar obj\Debug\90\lp\15\jl\bin\classes.jar obj\Debug\90\lp\16\jl\bin\classes.jar obj\Debug\90\lp\17\jl\bin\classes.jar obj\Debug\90\lp\18\jl\bin\classes.jar obj\Debug\90\lp\19\jl\bin\classes.jar obj\Debug\90\lp\20\jl\bin\classes.jar obj\Debug\90\lp\21\jl\bin\classes.jar obj\Debug\90\lp\22\jl\bin\classes.jar obj\Debug\90\lp\23\jl\bin\classes.jar obj\Debug\90\lp\24\jl\bin\classes.jar obj\Debug\90\lp\25\jl\bin\classes.jar obj\Debug\90\lp\26\jl\bin\classes.jar obj\Debug\90\lp\27\jl\bin\classes.jar obj\Debug\90\lp\28\jl\bin\classes.jar obj\Debug\90\lp\29\jl\bin\classes.jar obj\Debug\90\lp\3\jl\android.arch.core.common.jar obj\Debug\90\lp\30\jl\bin\classes.jar obj\Debug\90\lp\31\jl\bin\classes.jar obj\Debug\90\lp\32\jl\bin\classes.jar obj\Debug\90\lp\34\jl\bin\classes.jar obj\Debug\90\lp\35\jl\bin\classes.jar obj\Debug\90\lp\36\jl\bin\classes.jar obj\Debug\90\lp\37\jl\bin\classes.jar obj\Debug\90\lp\38\jl\bin\classes.jar obj\Debug\90\lp\39\jl\bin\classes.jar obj\Debug\90\lp\4\jl\bin\classes.jar obj\Debug\90\lp\5\jl\android.arch.lifecycle.common.jar obj\Debug\90\lp\6\jl\bin\classes.jar obj\Debug\90\lp\7\jl\bin\classes.jar obj\Debug\90\lp\8\jl\bin\classes.jar obj\Debug\90\lp\9\jl\bin\classes.jar
java_class_path (initial): C:\Program Files (x86)\Microsoft Visual Studio\2019\Community\MSBuild\Xamarin\Android\r8.jar
Launcher Type: SUN_STANDARD

Environment Variables:
PATH=C:\Program Files\Android\Jdk\microsoft_dist_openjdk_1.8.0.25\bin;C:\Python38\Scripts\;C:\Python38\;C:\Program Files (x86)\Intel\Intel(R) Management Engine Components\iCLS\;C:\Program Files\Intel\Intel(R) Management Engine Components\iCLS\;C:\Windows\system32;C:\Windows;C:\Windows\System32\Wbem;C:\Windows\System32\WindowsPowerShell\v1.0\;C:\Windows\System32\OpenSSH\;C:\Program Files (x86)\Intel\Intel(R) Management Engine Components\DAL;C:\Program Files\Intel\Intel(R) Management Engine Components\DAL;C:\Program Files (x86)\Intel\Intel(R) Management Engine Components\IPT;C:\Program Files\Intel\Intel(R) Management Engine Components\IPT;C:\Program Files (x86)\NVIDIA Corporation\PhysX\Common;C:\Program Files\nodejs\;C:\ProgramData\chocolatey\bin;C:\Program Files (x86)\PuTTY\;C:\Program Files\Git\cmd;C:\xampp\php;C:\ProgramData\ComposerSetup\bin;C:\Users\moca1\AppData\Local\Android\Sdk;D:\code\projects\flutter_src\bin;C:\Program Files\dotnet\;C:\Program Files\Microsoft SQL Server\130\Tools\Binn\;C:\Program Files\Microsoft SQL Server\Client SDK\ODBC\170\Tools\Binn\;C:\Users\moca1\anaconda3;C:\Users\moca1\anaconda3\Library\mingw-w64\bin;C:\Users\moca1\anaconda3\Library\usr\bin;C:\Users\moca1\anaconda3\Library\bin;C:\Users\moca1\anaconda3\Scripts;C:\Users\moca1\AppData\Local\Microsoft\WindowsApps;C:\Users\moca1\AppData\Local\Programs\Microsoft VS Code\bin;C:\Users\moca1\AppData\Roaming\npm;C:\Program Files\MongoDB\Server\4.2\bin;C:\Users\moca1\AppData\Roaming\Composer\vendor\bin;D:\code\projects\flutter_src\bin;C:\Users\moca1\AppData\Local\Android\Sdk;C:\Users\moca1\.dotnet\tools
USERNAME=moca1
OS=Windows_NT
PROCESSOR_IDENTIFIER=Intel64 Family 6 Model 158 Stepping 9, GenuineIntel



---------------  S Y S T E M  ---------------

OS: Windows 10.0 , 64 bit Build 18362 (10.0.18362.959)

CPU:total 8 (initial active 8) (4 cores per cpu, 2 threads per core) family 6 model 158 stepping 9, cmov, cx8, fxsr, mmx, sse, sse2, sse3, ssse3, sse4.1, sse4.2, popcnt, avx, avx2, aes, clmul, erms, 3dnowpref, lzcnt, ht, tsc, tscinvbit, bmi1, bmi2, adx

Memory: 4k page, physical 4076688k(33636k free), swap 16659600k(3020k free)

vm_info: OpenJDK 64-Bit Server VM (25.71-b00) for windows-amd64 JRE (1.8.0-25-microsoft-b00), built on Feb  7 2019 20:09:14 by "builder" with MS VC++ 10.0 (VS2010)

time: Tue Sep 08 14:55:34 2020
timezone: SE Asia Standard Time
elapsed time: 9 seconds (0d 0h 0m 9s)

